<?xml version="1.0" encoding="UTF-8"?>
<!-- Generated by org.testng.reporters.JUnitReportReporter -->
<testsuite skipped="0" hostname="RakeshKu-W7" name="Test.ToyTestCaseForGlobalNavigation" tests="2" failures="0" timestamp="10 May 2018 06:17:10 GMT" time="23.557" errors="0">
  <testcase name="zipCodeFetaures_15055" time="22.647" classname="Test.ToyTestCaseForGlobalNavigation"/>
  <testcase name="verifyClickFunctionalityOfCertifiedUsedVehicles" time="0.910" classname="Test.ToyTestCaseForGlobalNavigation"/>
</testsuite> <!-- Test.ToyTestCaseForGlobalNavigation -->
