<?xml version="1.0" encoding="UTF-8"?>
<!-- Generated by org.testng.reporters.JUnitReportReporter -->
<testsuite skipped="0" hostname="RakeshKu-W7" name="Test.ToyTestCaseForGlobalNavigation" tests="2" failures="0" timestamp="05 Jul 2018 13:47:30 GMT" time="24.107" errors="0">
  <testcase name="zipCodeFetaures_15055" time="22.578" classname="Test.ToyTestCaseForGlobalNavigation"/>
  <testcase name="verifyClickFunctionalityOfCertifiedUsedVehicles" time="1.529" classname="Test.ToyTestCaseForGlobalNavigation"/>
</testsuite> <!-- Test.ToyTestCaseForGlobalNavigation -->
