<?xml version="1.0" encoding="UTF-8"?>
<!-- Generated by org.testng.reporters.JUnitReportReporter -->
<testsuite skipped="0" hostname="RakeshKu-W7" name="Test.ToyTestCaseForGlobalNavigation" tests="2" failures="0" timestamp="04 Jul 2018 13:11:46 GMT" time="23.996" errors="0">
  <testcase name="zipCodeFetaures_15055" time="22.721" classname="Test.ToyTestCaseForGlobalNavigation"/>
  <testcase name="verifyClickFunctionalityOfCertifiedUsedVehicles" time="1.275" classname="Test.ToyTestCaseForGlobalNavigation"/>
</testsuite> <!-- Test.ToyTestCaseForGlobalNavigation -->
